~~~~~~~~~~~~~~~~~~~~~~~~~~~~~~~~~~~~~~~~~~~~~~~~~~~~~~~~~~~~~~~~~~~~~~~~~~~~~~~
Tree - random unordered tree
~~~~~~~~~~~~~~~~~~~~~~~~~~~~~~~~~~~~~~~~~~~~~~~~~~~~~~~~~~~~~~~~~~~~~~~~~~~~~~~
height: 4
ordered iteratively: false
ordered recursively: false
                        ______ 1 ______                          
                 ______/               \______                   
            __ 3                            __ 2 __              
         __/                             __/       \__           
       4                               7               5         
     /                               /               /           
   9                               8               6             
                                  /                              
                                 10                              

printLeftRight: 9 4 3 1 10 8 7 2 6 5 

preorder: 1 3 4 9 2 7 8 10 5 6 
inorder: 9 4 3 1 10 8 7 2 6 5 

~~~~~~~~~~~~~~~~~~~~~~~~~~~~~~~~~~~~~~~~~~~~~~~~~~~~~~~~~~~~~~~~~~~~~~~~~~~~~~~
Mirrored - the mirror image of the above tree
~~~~~~~~~~~~~~~~~~~~~~~~~~~~~~~~~~~~~~~~~~~~~~~~~~~~~~~~~~~~~~~~~~~~~~~~~~~~~~~
height: 4
ordered iteratively: false
ordered recursively: false
                        ______ 1 ______                          
                 ______/               \______                   
            __ 2 __                            3 __              
         __/       \__                             \__           
       5               7                               4         
         \               \                               \       
           6               8                               9     
                            \                                    
                             10                                  

printLeftRight: 5 6 2 7 8 10 1 3 4 9 

preorder: 1 2 5 6 7 8 10 3 4 9 
inorder: 5 6 2 7 8 10 1 3 4 9 

~~~~~~~~~~~~~~~~~~~~~~~~~~~~~~~~~~~~~~~~~~~~~~~~~~~~~~~~~~~~~~~~~~~~~~~~~~~~~~~
BST - random ordered tree
~~~~~~~~~~~~~~~~~~~~~~~~~~~~~~~~~~~~~~~~~~~~~~~~~~~~~~~~~~~~~~~~~~~~~~~~~~~~~~~
height: 6
ordered iteratively: true
ordered recursively: true
                                                                                                ______________________________ 10                                                                                                                                
                                                                 ______________________________/                                                                                                                                                                 
                                                               1 ______________                                                                                                                                                                                  
                                                                               \______________                                                                                                                                                                   
                                                                                        ______ 3 ______                                                                                                                                                          
                                                                                 ______/               \______                                                                                                                                                   
                                                                               2                               4 __                                                                                                                                              
                                                                                                                   \__                                                                                                                                           
                                                                                                                       7                                                                                                                                         
                                                                                                                     /   \                                                                                                                                       
                                                                                                                   6       8                                                                                                                                     
                                                                                                                  /         \                                                                                                                                    
                                                                                                                 5           9                                                                                                                                   

printLeftRight: 1 2 3 4 5 6 7 8 9 10 

preorder: 10 1 3 2 4 7 6 5 8 9 
inorder: 1 2 3 4 5 6 7 8 9 10 

~~~~~~~~~~~~~~~~~~~~~~~~~~~~~~~~~~~~~~~~~~~~~~~~~~~~~~~~~~~~~~~~~~~~~~~~~~~~~~~
BST Mirrored - the mirror image of the above BST
~~~~~~~~~~~~~~~~~~~~~~~~~~~~~~~~~~~~~~~~~~~~~~~~~~~~~~~~~~~~~~~~~~~~~~~~~~~~~~~
height: 6
ordered iteratively: false
ordered recursively: false
                                                                                                                               10 _____________________________                                                                                                  
                                                                                                                                                               \______________________________                                                                   
                                                                                                                                                                                ______________ 1                                                                 
                                                                                                                                                                 ______________/                                                                                 
                                                                                                                                                        ______ 3 ______                                                                                          
                                                                                                                                                 ______/               \______                                                                                   
                                                                                                                                            __ 4                               2                                                                                 
                                                                                                                                         __/                                                                                                                     
                                                                                                                                       7                                                                                                                         
                                                                                                                                     /   \                                                                                                                       
                                                                                                                                   8       6                                                                                                                     
                                                                                                                                  /         \                                                                                                                    
                                                                                                                                 9           5                                                                                                                   

printLeftRight: 10 9 8 7 6 5 4 3 2 1 

preorder: 10 1 3 4 7 8 9 6 5 2 
inorder: 10 9 8 7 6 5 4 3 2 1 

~~~~~~~~~~~~~~~~~~~~~~~~~~~~~~~~~~~~~~~~~~~~~~~~~~~~~~~~~~~~~~~~~~~~~~~~~~~~~~~
Almost BST - a tree that has one element out of place
~~~~~~~~~~~~~~~~~~~~~~~~~~~~~~~~~~~~~~~~~~~~~~~~~~~~~~~~~~~~~~~~~~~~~~~~~~~~~~~
height: 4
ordered iteratively: false
ordered recursively: false
                        ______ 8                                 
                 ______/                                         
            __ 4                                                 
         __/                                                     
       2                                                         
         \                                                       
           3                                                     
          /                                                      
         10                                                      

printLeftRight: 2 10 3 4 8 

preorder: 8 4 2 3 10 
inorder: 2 10 3 4 8 

